<?xml version="1.0" encoding="UTF-8"?>
<!-- Generated by org.testng.reporters.JUnitReportReporter -->
<testsuite hostname="VDL10" failures="0" tests="2" name="neou.AccountPage" time="297.303" errors="0" timestamp="19 Apr 2021 10:31:42 GMT" skipped="0">
  <testcase classname="neou.AccountPage" name="testAccount" time="192.663"/>
  <testcase classname="neou.AccountPage" name="testFitness" time="104.640"/>
</testsuite> <!-- neou.AccountPage -->
