<?xml version="1.0" encoding="UTF-8"?>
<!-- Generated by org.testng.reporters.JUnitReportReporter -->
<testsuite hostname="VDL10" failures="0" tests="1" name="neou.FavouriteFunc" time="166.521" errors="0" timestamp="22 Apr 2021 07:32:35 GMT" skipped="0">
  <testcase classname="neou.FavouriteFunc" name="testSearch" time="166.521"/>
</testsuite> <!-- neou.FavouriteFunc -->
