<?xml version="1.0" encoding="UTF-8"?>
<!-- Generated by org.testng.reporters.JUnitReportReporter -->
<testsuite hostname="VDL10" failures="0" tests="1" name="neou.AccountPage" time="83.094" errors="0" timestamp="20 Apr 2021 07:32:57 GMT" skipped="0">
  <testcase classname="neou.AccountPage" name="testFitness" time="83.094"/>
</testsuite> <!-- neou.AccountPage -->
