<?xml version="1.0" encoding="UTF-8"?>
<!-- Generated by org.testng.reporters.JUnitReportReporter -->
<testsuite hostname="VDL10" failures="0" tests="1" name="neou.NewTestNG" time="0.017" errors="0" timestamp="01 Apr 2021 08:17:31 GMT" skipped="0">
  <testcase classname="neou.NewTestNG" name="f" time="0.017"/>
</testsuite> <!-- neou.NewTestNG -->
