<?xml version="1.0" encoding="UTF-8"?>
<!-- Generated by org.testng.reporters.JUnitReportReporter -->
<testsuite hostname="VDL10" failures="0" tests="1" name="neou.NeouSearch" time="117.432" errors="0" timestamp="20 Apr 2021 08:36:06 GMT" skipped="0">
  <testcase classname="neou.NeouSearch" name="testSearch" time="117.432"/>
</testsuite> <!-- neou.NeouSearch -->
